c:\programdata\nvidia corporation\cuda samples\v7.5\2_graphics\kanulia\x64\release\vc120.pdb
c:\programdata\nvidia corporation\cuda samples\v7.5\2_graphics\kanulia\x64\release\kanulia_gold.obj
c:\programdata\nvidia corporation\cuda samples\v7.5\2_graphics\kanulia\x64\release\kanulia.obj
c:\programdata\nvidia corporation\cuda samples\v7.5\bin\win64\release\kanulia.lib
c:\programdata\nvidia corporation\cuda samples\v7.5\bin\win64\release\kanulia.exp
c:\programdata\nvidia corporation\cuda samples\v7.5\2_graphics\kanulia\x64\release\kanulia.res
c:\programdata\nvidia corporation\cuda samples\v7.5\2_graphics\kanulia\x64\release\kanuliacalc.cu.cache
c:\programdata\nvidia corporation\cuda samples\v7.5\2_graphics\kanulia\x64\release\kanuliarepart.cu.cache
c:\programdata\nvidia corporation\cuda samples\v7.5\2_graphics\kanulia\x64\release\kanulia_cuda.cu.cache
c:\programdata\nvidia corporation\cuda samples\v7.5\2_graphics\kanulia\x64\release\kanulia.device-link.obj
c:\programdata\nvidia corporation\cuda samples\v7.5\2_graphics\kanulia\x64\release\kanuliacalc.cu.obj
c:\programdata\nvidia corporation\cuda samples\v7.5\2_graphics\kanulia\x64\release\kanuliarepart.cu.obj
c:\programdata\nvidia corporation\cuda samples\v7.5\2_graphics\kanulia\x64\release\kanulia_cuda.cu.obj
c:\programdata\nvidia corporation\cuda samples\v7.5\2_graphics\kanulia\../../bin/win64/release/kanulia.exe
c:\programdata\nvidia corporation\cuda samples\v7.5\2_graphics\kanulia\x64\release\kanulia.tlog\cl.command.1.tlog
c:\programdata\nvidia corporation\cuda samples\v7.5\2_graphics\kanulia\x64\release\kanulia.tlog\cl.read.1.tlog
c:\programdata\nvidia corporation\cuda samples\v7.5\2_graphics\kanulia\x64\release\kanulia.tlog\cl.write.1.tlog
c:\programdata\nvidia corporation\cuda samples\v7.5\2_graphics\kanulia\x64\release\kanulia.tlog\kanulia.write.1u.tlog
c:\programdata\nvidia corporation\cuda samples\v7.5\2_graphics\kanulia\x64\release\kanulia.tlog\link.command.1.tlog
c:\programdata\nvidia corporation\cuda samples\v7.5\2_graphics\kanulia\x64\release\kanulia.tlog\link.read.1.tlog
c:\programdata\nvidia corporation\cuda samples\v7.5\2_graphics\kanulia\x64\release\kanulia.tlog\link.write.1.tlog
c:\programdata\nvidia corporation\cuda samples\v7.5\2_graphics\kanulia\x64\release\kanulia.tlog\rc.command.1.tlog
c:\programdata\nvidia corporation\cuda samples\v7.5\2_graphics\kanulia\x64\release\kanulia.tlog\rc.read.1.tlog
c:\programdata\nvidia corporation\cuda samples\v7.5\2_graphics\kanulia\x64\release\kanulia.tlog\rc.write.1.tlog
